<?xml version="1.0" encoding="UTF-8"?>
<!-- Generated by org.testng.reporters.JUnitXMLReporter -->
<testsuite ignored="0" hostname="DESKTOP-MKISFC6" failures="0" tests="2" name="Default test" time="23.388" errors="0" timestamp="04 Jun 2021 14:49:13 GMT">
  <testcase classname="com.Flipkart.Testcases.VerifyLaunchHomePageFlipkart" name="navigateToFlipkart" time="1.87"/>
  <testcase classname="com.Flipkart.Testcases.VerifyLaunchHomePageFlipkart" name="clickOnItemAndPrintPrice" time="4.21"/>
</testsuite> <!-- Default test -->
